============================= test session starts =============================
platform win32 -- Python 3.14.0, pytest-9.0.3, pluggy-1.6.0 -- C:\Python314\python.exe
cachedir: .pytest_cache
rootdir: C:\Users\chittithalli\Documents\Codepath Ai 110\ai110-module1show-gameglitchinvestigator-starter
plugins: anyio-4.13.0
collecting ... collected 6 items

tests/test_game_logic.py::test_winning_guess PASSED                      [ 16%]
tests/test_game_logic.py::test_guess_too_high PASSED                     [ 33%]
tests/test_game_logic.py::test_guess_too_low PASSED                      [ 50%]
tests/test_game_logic.py::test_empty_input PASSED                        [ 66%]
tests/test_game_logic.py::test_non_numeric_input PASSED                  [ 83%]
tests/test_game_logic.py::test_decimal_input PASSED                      [100%]

============================== 6 passed in 0.04s ==============================
